0 info it worked if it ends with ok
1 verbose cli [ 'node', '/usr/local/bin/npm', 'run', 'watch' ]
2 info using npm@2.7.4
3 info using node@v0.12.2
4 verbose run-script [ 'prewatch', 'watch', 'postwatch' ]
5 info prewatch FIND-UI@1.0.0
6 info watch FIND-UI@1.0.0
7 verbose unsafe-perm in lifecycle true
8 info FIND-UI@1.0.0 Failed to exec watch script
9 verbose stack Error: FIND-UI@1.0.0 watch: `gulp watch`
9 verbose stack Exit status 1
9 verbose stack     at EventEmitter.<anonymous> (/usr/local/lib/node_modules/npm/lib/utils/lifecycle.js:213:16)
9 verbose stack     at EventEmitter.emit (events.js:110:17)
9 verbose stack     at ChildProcess.<anonymous> (/usr/local/lib/node_modules/npm/lib/utils/spawn.js:14:12)
9 verbose stack     at ChildProcess.emit (events.js:110:17)
9 verbose stack     at maybeClose (child_process.js:1015:16)
9 verbose stack     at Process.ChildProcess._handle.onexit (child_process.js:1087:5)
10 verbose pkgid FIND-UI@1.0.0
11 verbose cwd /Users/asuleman/Sites/FIND-UI/src
12 error Darwin 14.1.0
13 error argv "node" "/usr/local/bin/npm" "run" "watch"
14 error node v0.12.2
15 error npm  v2.7.4
16 error code ELIFECYCLE
17 error FIND-UI@1.0.0 watch: `gulp watch`
17 error Exit status 1
18 error Failed at the FIND-UI@1.0.0 watch script 'gulp watch'.
18 error This is most likely a problem with the FIND-UI package,
18 error not with npm itself.
18 error Tell the author that this fails on your system:
18 error     gulp watch
18 error You can get their info via:
18 error     npm owner ls FIND-UI
18 error There is likely additional logging output above.
19 verbose exit [ 1, true ]
